mode: set
ubo/internal/tui/tui.go:35.43,35.60 1 1
ubo/internal/tui/tui.go:36.46,36.60 1 1
ubo/internal/tui/tui.go:40.43,40.64 1 1
ubo/internal/tui/tui.go:41.46,41.64 1 1
ubo/internal/tui/tui.go:45.43,45.78 1 1
ubo/internal/tui/tui.go:46.46,46.81 1 1
ubo/internal/tui/tui.go:50.43,50.63 1 1
ubo/internal/tui/tui.go:51.46,51.63 1 1
ubo/internal/tui/tui.go:55.43,55.69 1 1
ubo/internal/tui/tui.go:56.46,56.69 1 1
ubo/internal/tui/tui.go:60.43,60.84 1 1
ubo/internal/tui/tui.go:61.46,61.87 1 1
ubo/internal/tui/tui.go:65.43,65.74 1 1
ubo/internal/tui/tui.go:66.46,66.74 1 1
ubo/internal/tui/tui.go:70.43,70.74 1 1
ubo/internal/tui/tui.go:71.46,71.74 1 1
ubo/internal/tui/tui.go:75.43,75.83 1 1
ubo/internal/tui/tui.go:76.46,76.86 1 1
ubo/internal/tui/tui.go:80.43,80.66 1 1
ubo/internal/tui/tui.go:81.46,81.66 1 1
ubo/internal/tui/tui.go:85.43,85.73 1 1
ubo/internal/tui/tui.go:86.46,86.73 1 1
ubo/internal/tui/tui.go:90.43,90.66 1 1
ubo/internal/tui/tui.go:91.46,91.66 1 1
ubo/internal/tui/tui.go:95.43,95.67 1 1
ubo/internal/tui/tui.go:96.46,96.67 1 1
ubo/internal/tui/tui.go:107.84,114.28 5 1
ubo/internal/tui/tui.go:114.28,116.17 2 1
ubo/internal/tui/tui.go:116.17,118.4 1 1
ubo/internal/tui/tui.go:120.3,120.10 1 1
ubo/internal/tui/tui.go:120.10,121.9 1 1
ubo/internal/tui/tui.go:125.2,125.17 1 1
ubo/internal/tui/tui.go:132.95,133.6 1 1
ubo/internal/tui/tui.go:133.6,138.25 4 1
ubo/internal/tui/tui.go:138.25,140.4 1 1
ubo/internal/tui/tui.go:142.3,143.19 2 1
ubo/internal/tui/tui.go:143.19,146.4 1 1
ubo/internal/tui/tui.go:148.3,148.61 1 1
ubo/internal/tui/tui.go:148.61,149.12 1 1
ubo/internal/tui/tui.go:151.3,151.18 1 1
ubo/internal/tui/tui.go:158.96,159.14 1 1
ubo/internal/tui/tui.go:159.14,160.51 1 1
ubo/internal/tui/tui.go:160.51,164.4 2 1
ubo/internal/tui/tui.go:166.2,167.14 2 1
ubo/internal/tui/tui.go:174.35,176.47 2 1
ubo/internal/tui/tui.go:176.47,178.18 2 1
ubo/internal/tui/tui.go:178.18,180.4 1 1
ubo/internal/tui/tui.go:181.3,181.15 1 1
ubo/internal/tui/tui.go:182.8,184.3 1 1
ubo/internal/tui/tui.go:186.2,187.16 2 1
ubo/internal/tui/tui.go:187.16,189.3 1 1
ubo/internal/tui/tui.go:191.2,191.39 1 1
ubo/internal/tui/tui.go:191.39,193.3 1 1
ubo/internal/tui/tui.go:195.2,195.53 1 1
ubo/internal/tui/tui.go:195.53,197.3 1 1
ubo/internal/tui/tui.go:199.2,200.12 2 1
ubo/internal/remote/remote.go:67.74,68.53 1 1
ubo/internal/remote/remote.go:68.53,70.3 1 1
ubo/internal/remote/remote.go:72.2,81.50 2 1
ubo/internal/remote/remote.go:81.50,83.3 1 1
ubo/internal/remote/remote.go:85.2,85.15 1 1
ubo/internal/remote/remote.go:90.57,91.17 1 1
ubo/internal/remote/remote.go:91.17,93.3 1 1
ubo/internal/remote/remote.go:94.2,94.21 1 1
ubo/internal/remote/remote.go:94.21,96.3 1 1
ubo/internal/remote/remote.go:97.2,97.21 1 1
ubo/internal/remote/remote.go:97.21,99.3 1 1
ubo/internal/remote/remote.go:100.2,100.20 1 1
ubo/internal/remote/remote.go:100.20,102.3 1 1
ubo/internal/remote/remote.go:103.2,103.43 1 1
ubo/internal/remote/remote.go:107.63,108.59 1 1
ubo/internal/remote/remote.go:108.59,110.3 1 1
ubo/internal/remote/remote.go:111.2,111.12 1 1
ubo/internal/remote/remote.go:117.62,118.9 1 1
ubo/internal/remote/remote.go:119.32,123.17 2 1
ubo/internal/remote/remote.go:123.17,125.4 1 1
ubo/internal/remote/remote.go:126.3,128.23 3 1
ubo/internal/remote/remote.go:129.33,132.30 2 1
ubo/internal/remote/remote.go:133.10,134.82 1 1
ubo/internal/remote/remote.go:136.2,136.12 1 1
ubo/internal/remote/remote.go:141.55,142.16 1 1
ubo/internal/remote/remote.go:142.16,144.3 1 1
ubo/internal/remote/remote.go:145.2,145.43 1 1
ubo/internal/remote/remote.go:152.92,154.16 2 1
ubo/internal/remote/remote.go:154.16,156.3 1 1
ubo/internal/remote/remote.go:158.2,159.16 2 1
ubo/internal/remote/remote.go:159.16,161.3 1 1
ubo/internal/remote/remote.go:163.2,165.66 3 1
ubo/internal/remote/remote.go:165.66,167.3 1 1
ubo/internal/remote/remote.go:168.2,168.21 1 1
ubo/internal/remote/remote.go:175.75,177.21 2 1
ubo/internal/remote/remote.go:177.21,179.49 2 1
ubo/internal/remote/remote.go:179.49,180.12 1 1
ubo/internal/remote/remote.go:182.3,182.38 1 1
ubo/internal/remote/remote.go:186.2,186.58 1 1
ubo/internal/remote/remote.go:191.79,193.21 2 1
ubo/internal/remote/remote.go:193.21,195.3 1 1
ubo/internal/remote/remote.go:196.2,196.39 1 1
ubo/internal/remote/remote.go:196.39,198.3 1 1
ubo/internal/remote/remote.go:200.2,200.34 1 1
ubo/internal/remote/remote.go:205.47,209.2 1 1
ubo/internal/remote/remote.go:213.37,215.21 2 1
ubo/internal/remote/remote.go:215.21,217.3 1 1
ubo/internal/remote/remote.go:218.2,218.23 1 1
ubo/internal/remote/remote.go:218.23,220.3 1 1
ubo/internal/remote/remote.go:221.2,228.13 2 1
ubo/internal/remote/remote.go:234.45,234.68 1 1
ubo/internal/remote/remote.go:240.45,241.13 1 1
ubo/internal/remote/remote.go:241.13,243.3 1 1
ubo/internal/remote/remote.go:244.2,246.26 3 1
ubo/internal/remote/remote.go:246.26,248.3 1 1
ubo/internal/remote/remote.go:249.2,249.52 1 1
ubo/internal/remote/remote.go:255.54,256.37 1 1
ubo/internal/remote/remote.go:256.37,258.3 1 1
ubo/internal/remote/remote.go:259.2,260.17 2 1
ubo/internal/remote/remote.go:260.17,262.3 1 1
ubo/internal/remote/remote.go:263.2,263.33 1 1
ubo/internal/remote/remote.go:268.32,269.28 1 1
ubo/internal/remote/remote.go:269.28,271.3 1 1
ubo/internal/remote/remote.go:272.2,274.63 3 1
ubo/internal/remote/remote.go:274.63,276.3 1 1
ubo/internal/remote/remote.go:277.2,277.12 1 1
ubo/internal/remote/remote.go:285.77,294.16 9 1
ubo/internal/remote/remote.go:294.16,296.3 1 1
ubo/internal/remote/remote.go:297.2,297.17 1 1
ubo/internal/remote/remote.go:304.79,314.16 8 1
ubo/internal/remote/remote.go:314.16,316.3 1 1
ubo/internal/remote/remote.go:317.2,317.12 1 1
ubo/internal/remote/remote.go:321.65,323.2 1 1
ubo/internal/remote/remote.go:327.61,333.16 6 1
ubo/internal/remote/remote.go:333.16,335.47 2 1
ubo/internal/remote/remote.go:335.47,337.4 1 1
ubo/internal/remote/remote.go:338.3,338.76 1 1
ubo/internal/remote/remote.go:340.2,340.25 1 1
ubo/internal/remote/remote.go:346.54,355.38 8 1
ubo/internal/remote/remote.go:355.38,359.3 1 1
ubo/internal/remote/remote.go:360.2,360.12 1 1
ubo/internal/templates/templates.go:29.61,30.21 1 1
ubo/internal/templates/templates.go:30.21,32.3 1 1
ubo/internal/templates/templates.go:33.2,33.24 1 1
ubo/internal/templates/templates.go:33.24,35.3 1 1
ubo/internal/templates/templates.go:36.2,36.23 1 1
ubo/internal/templates/templates.go:36.23,38.3 1 1
ubo/internal/templates/templates.go:39.2,39.27 1 1
ubo/internal/templates/templates.go:39.27,41.3 1 1
ubo/internal/templates/templates.go:42.2,42.28 1 1
ubo/internal/templates/templates.go:42.28,44.3 1 1
ubo/internal/templates/templates.go:46.2,54.25 9 1
ubo/internal/templates/templates.go:67.61,68.24 1 1
ubo/internal/templates/templates.go:68.24,70.3 1 1
ubo/internal/templates/templates.go:71.2,71.21 1 1
ubo/internal/templates/templates.go:71.21,73.3 1 1
ubo/internal/templates/templates.go:74.2,74.29 1 1
ubo/internal/templates/templates.go:74.29,76.3 1 1
ubo/internal/templates/templates.go:77.2,77.28 1 1
ubo/internal/templates/templates.go:77.28,79.3 1 1
ubo/internal/templates/templates.go:80.2,80.24 1 1
ubo/internal/templates/templates.go:80.24,82.3 1 1
ubo/internal/templates/templates.go:84.2,93.25 10 1
ubo/internal/templates/templates.go:232.67,233.55 1 1
ubo/internal/templates/templates.go:233.55,235.3 1 1
ubo/internal/templates/templates.go:236.2,238.26 3 1
ubo/internal/templates/templates.go:242.63,243.47 1 1
ubo/internal/templates/templates.go:243.47,245.3 1 1
ubo/internal/templates/templates.go:246.2,246.23 1 1
ubo/internal/templates/templates.go:246.23,248.3 1 1
ubo/internal/templates/templates.go:249.2,249.37 1 1
ubo/internal/templates/templates.go:249.37,251.3 1 1
ubo/internal/templates/templates.go:252.2,252.23 1 1
ubo/internal/templates/templates.go:252.23,254.3 1 1
ubo/internal/templates/templates.go:255.2,255.12 1 1
ubo/internal/templates/templates.go:259.55,260.22 1 1
ubo/internal/templates/templates.go:260.22,262.3 1 1
ubo/internal/templates/templates.go:263.2,263.56 1 1
ubo/internal/templates/templates.go:263.56,265.3 1 1
ubo/internal/templates/templates.go:266.2,266.22 1 1
ubo/internal/templates/templates.go:266.22,268.3 1 1
ubo/internal/templates/templates.go:269.2,269.56 1 1
ubo/internal/templates/templates.go:269.56,271.3 1 1
ubo/internal/templates/templates.go:272.2,272.12 1 1
ubo/internal/templates/templates.go:288.65,289.28 1 1
ubo/internal/templates/templates.go:289.28,291.3 1 1
ubo/internal/templates/templates.go:292.2,292.25 1 1
ubo/internal/templates/templates.go:292.25,294.3 1 1
ubo/internal/templates/templates.go:295.2,297.26 3 1
ubo/internal/templates/templates.go:355.44,359.2 3 1
ubo/internal/templates/templates.go:545.59,546.51 1 1
ubo/internal/templates/templates.go:546.51,548.3 1 1
ubo/internal/templates/templates.go:549.2,564.26 4 1
ubo/internal/templates/templates.go:568.55,585.4 2 1
ubo/internal/templates/templates.go:585.4,586.18 1 1
ubo/internal/templates/templates.go:586.18,588.4 1 1
ubo/internal/templates/templates.go:590.2,590.12 1 1
ubo/internal/checker/checker.go:28.68,31.26 3 1
ubo/internal/checker/checker.go:31.26,32.50 1 1
ubo/internal/checker/checker.go:32.50,35.4 2 1
ubo/internal/checker/checker.go:37.2,37.24 1 1
ubo/internal/checker/checker.go:42.42,44.20 2 1
ubo/internal/checker/checker.go:45.13,46.19 1 1
ubo/internal/checker/checker.go:47.33,48.22 1 1
ubo/internal/checker/checker.go:49.10,50.13 1 1
ubo/internal/checker/checker.go:53.2,54.23 2 1
ubo/internal/checker/checker.go:54.23,56.3 1 1
ubo/internal/checker/checker.go:58.2,59.24 2 1
ubo/internal/checker/checker.go:59.24,61.3 1 1
ubo/internal/checker/checker.go:63.2,69.3 1 1
ubo/internal/config/config.go:54.24,69.2 1 1
ubo/internal/config/config.go:72.41,75.16 3 1
ubo/internal/config/config.go:75.16,77.3 1 1
ubo/internal/config/config.go:78.2,78.45 1 1
ubo/internal/config/config.go:78.45,80.3 1 1
ubo/internal/config/config.go:81.2,81.17 1 1
ubo/internal/config/config.go:85.35,92.4 1 1
ubo/internal/config/config.go:92.4,93.34 1 1
ubo/internal/config/config.go:93.34,95.4 1 1
ubo/internal/config/config.go:97.2,97.12 1 1
ubo/internal/config/config.go:100.36,101.18 1 1
ubo/internal/config/config.go:101.18,103.3 1 1
ubo/internal/config/config.go:104.2,104.12 1 1
ubo/internal/config/config.go:107.35,108.22 1 1
ubo/internal/config/config.go:108.22,110.3 1 1
ubo/internal/config/config.go:111.2,111.45 1 1
ubo/internal/config/config.go:114.41,115.73 1 1
ubo/internal/config/config.go:115.73,117.3 1 1
ubo/internal/config/config.go:118.2,118.66 1 1
ubo/internal/config/config.go:118.66,120.3 1 1
ubo/internal/config/config.go:121.2,121.66 1 1
ubo/internal/config/config.go:121.66,123.3 1 1
ubo/internal/config/config.go:124.2,124.34 1 1
ubo/internal/config/config.go:130.46,132.16 2 1
ubo/internal/config/config.go:132.16,134.3 1 1
ubo/internal/config/config.go:135.2,136.16 2 1
ubo/internal/config/config.go:136.16,138.3 1 1
ubo/internal/config/config.go:139.2,139.30 1 1
ubo/internal/config/config.go:139.30,141.3 1 1
ubo/internal/config/config.go:142.2,142.35 1 1
ubo/internal/config/config.go:142.35,144.3 1 1
ubo/internal/config/config.go:145.2,145.12 1 1
ubo/internal/config/config.go:148.40,150.2 1 1
ubo/internal/config/config.go:160.36,161.25 1 1
ubo/internal/config/config.go:161.25,163.3 1 1
ubo/internal/config/config.go:164.2,164.51 1 1
ubo/internal/config/config.go:164.51,166.3 1 1
ubo/internal/config/config.go:167.2,167.12 1 1
ubo/internal/config/config.go:171.48,172.31 1 1
ubo/internal/config/config.go:172.31,174.3 1 1
ubo/internal/config/config.go:175.2,175.12 1 1
ubo/internal/config/config.go:181.37,182.24 1 1
ubo/internal/config/config.go:182.24,184.3 1 1
ubo/internal/config/config.go:185.2,186.22 2 1
ubo/internal/config/config.go:190.44,192.15 2 1
ubo/internal/config/config.go:192.15,194.3 1 1
ubo/internal/config/config.go:195.2,195.20 1 1
ubo/internal/config/config.go:199.44,201.15 2 1
ubo/internal/config/config.go:201.15,203.3 1 1
ubo/internal/config/config.go:204.2,204.20 1 1
ubo/internal/config/toml.go:31.47,34.28 3 1
ubo/internal/config/toml.go:34.28,35.74 1 1
ubo/internal/config/toml.go:35.74,37.4 1 1
ubo/internal/config/toml.go:39.2,39.12 1 1
ubo/internal/config/toml.go:45.65,46.48 1 1
ubo/internal/config/toml.go:46.48,48.3 1 1
ubo/internal/config/toml.go:49.2,49.34 1 1
ubo/internal/config/toml.go:49.34,51.17 2 1
ubo/internal/config/toml.go:51.17,53.4 1 1
ubo/internal/config/toml.go:54.3,55.13 2 1
ubo/internal/config/toml.go:57.2,58.16 2 1
ubo/internal/config/toml.go:58.16,60.3 1 1
ubo/internal/config/toml.go:61.2,61.40 1 1
ubo/internal/config/toml.go:65.54,66.35 1 1
ubo/internal/config/toml.go:66.35,68.3 1 1
ubo/internal/config/toml.go:69.2,70.51 2 1
ubo/internal/config/toml.go:70.51,72.3 1 1
ubo/internal/config/toml.go:73.2,73.18 1 1
ubo/internal/config/toml.go:78.72,80.12 2 1
ubo/internal/config/toml.go:80.12,82.3 1 1
ubo/internal/config/toml.go:83.2,84.55 2 1
ubo/internal/config/toml.go:84.55,86.3 1 1
ubo/internal/config/toml.go:87.2,89.16 3 1
ubo/internal/config/toml.go:89.16,91.3 1 1
ubo/internal/config/toml.go:92.2,92.22 1 1
ubo/internal/config/toml.go:105.46,106.13 1 1
ubo/internal/config/toml.go:106.13,108.3 1 1
ubo/internal/config/toml.go:109.2,109.17 1 1
ubo/internal/config/toml.go:109.17,111.3 1 1
ubo/internal/config/toml.go:112.2,112.32 1 1
ubo/internal/config/toml.go:112.32,114.3 1 1
ubo/internal/config/toml.go:115.2,115.25 1 1
ubo/internal/config/toml.go:120.50,122.44 2 1
ubo/internal/config/toml.go:122.44,124.3 1 1
ubo/internal/config/toml.go:125.2,125.32 1 1
ubo/internal/config/toml.go:126.14,127.47 1 1
ubo/internal/config/toml.go:128.15,129.48 1 1
ubo/internal/config/toml.go:131.2,131.122 1 1
ubo/internal/config/toml.go:135.52,137.16 2 1
ubo/internal/config/toml.go:137.16,139.3 1 1
ubo/internal/config/toml.go:140.2,140.48 1 1
ubo/internal/config/toml.go:140.48,142.3 1 1
ubo/internal/config/toml.go:143.2,143.33 1 1
ubo/internal/config/toml.go:148.49,150.44 2 1
ubo/internal/config/toml.go:150.44,152.3 1 1
ubo/internal/config/toml.go:153.2,154.15 2 1
ubo/internal/config/toml.go:154.15,156.3 1 1
ubo/internal/config/toml.go:157.2,158.16 2 1
ubo/internal/config/toml.go:158.16,160.3 1 1
ubo/internal/config/toml.go:161.2,161.42 1 1
ubo/internal/config/toml.go:166.52,169.17 3 1
ubo/internal/config/toml.go:169.17,170.15 1 1
ubo/internal/config/toml.go:171.13,173.18 2 1
ubo/internal/config/toml.go:173.18,175.5 1 1
ubo/internal/config/toml.go:176.4,177.10 2 1
ubo/internal/config/toml.go:178.12,179.35 1 1
ubo/internal/config/toml.go:180.11,182.7 2 1
ubo/internal/config/toml.go:185.2,185.50 1 1
ubo/internal/config/toml.go:190.46,191.19 1 1
ubo/internal/config/toml.go:191.19,193.3 1 1
ubo/internal/config/toml.go:194.2,194.16 1 1
ubo/internal/config/toml.go:195.11,196.18 1 1
ubo/internal/config/toml.go:197.12,198.19 1 1
ubo/internal/config/toml.go:199.10,200.54 1 1
ubo/internal/config/toml.go:206.43,208.19 2 1
ubo/internal/config/toml.go:208.19,210.3 1 1
ubo/internal/config/toml.go:211.2,211.37 1 1
ubo/internal/config/toml.go:211.37,213.3 1 1
ubo/internal/config/toml.go:214.2,214.71 1 1
ubo/internal/config/toml.go:222.54,223.67 1 1
ubo/internal/config/toml.go:223.67,224.26 1 1
ubo/internal/config/toml.go:224.26,226.4 1 1
ubo/internal/config/toml.go:227.3,228.13 2 1
ubo/internal/config/toml.go:233.51,234.67 1 1
ubo/internal/config/toml.go:234.67,235.15 1 1
ubo/internal/config/toml.go:235.15,237.4 1 1
ubo/internal/config/toml.go:238.3,239.13 2 1
ubo/internal/config/toml.go:244.53,245.67 1 1
ubo/internal/config/toml.go:245.67,246.16 1 1
ubo/internal/config/toml.go:246.16,248.4 1 1
ubo/internal/config/toml.go:249.3,250.13 2 1
ubo/internal/config/toml.go:257.44,257.62 1 1
ubo/internal/config/toml.go:260.50,260.72 1 1
ubo/internal/config/toml.go:261.47,261.69 1 1
ubo/internal/config/toml.go:262.50,262.71 1 1
ubo/internal/config/toml.go:263.49,263.71 1 1
ubo/internal/config/toml.go:264.50,264.77 1 1
ubo/internal/config/toml.go:267.46,267.74 1 1
ubo/internal/config/toml.go:268.49,268.81 1 1
ubo/internal/config/toml.go:269.49,269.81 1 1
ubo/internal/config/toml.go:272.41,272.68 1 1
ubo/internal/config/toml.go:275.43,275.67 1 1
ubo/internal/config/toml.go:278.49,278.80 1 1
ubo/internal/config/toml.go:279.49,279.73 1 1
ubo/internal/config/toml.go:282.46,282.71 1 1
ubo/internal/config/toml.go:287.66,289.9 2 1
ubo/internal/config/toml.go:289.9,291.3 1 1
ubo/internal/config/toml.go:292.2,293.9 2 1
ubo/internal/config/toml.go:293.9,295.3 1 1
ubo/internal/config/toml.go:296.2,296.34 1 1
ubo/internal/config/toml.go:300.49,301.19 1 1
ubo/internal/config/toml.go:301.19,303.3 1 1
ubo/internal/config/toml.go:304.2,304.59 1 1
ubo/internal/config/toml.go:308.41,338.2 22 1
ubo/internal/config/toml.go:341.29,344.2 2 1
ubo/internal/config/toml.go:361.41,363.16 2 1
ubo/internal/config/toml.go:363.16,365.3 1 1
ubo/internal/config/toml.go:366.2,368.16 3 1
ubo/internal/config/toml.go:368.16,370.3 1 1
ubo/internal/config/toml.go:371.2,374.48 3 1
ubo/internal/config/toml.go:374.48,377.3 2 1
ubo/internal/config/toml.go:378.2,378.45 1 1
ubo/internal/config/toml.go:378.45,381.3 2 1
ubo/internal/config/toml.go:382.2,382.39 1 1
ubo/internal/config/toml.go:382.39,384.3 1 1
ubo/internal/config/toml.go:385.2,385.34 1 1
ubo/internal/setup/setup.go:33.102,34.77 1 1
ubo/internal/setup/setup.go:34.77,36.3 1 1
ubo/internal/setup/setup.go:37.2,38.16 2 1
ubo/internal/setup/setup.go:38.16,40.3 1 1
ubo/internal/setup/setup.go:41.2,41.17 1 1
ubo/internal/setup/setup.go:44.30,46.2 1 1
ubo/internal/setup/setup.go:75.123,79.16 2 1
ubo/internal/setup/setup.go:79.16,81.3 1 1
ubo/internal/setup/setup.go:84.2,85.16 2 1
ubo/internal/setup/setup.go:85.16,87.3 1 1
ubo/internal/setup/setup.go:90.2,91.16 2 1
ubo/internal/setup/setup.go:91.16,93.3 1 0
ubo/internal/setup/setup.go:96.2,98.16 3 1
ubo/internal/setup/setup.go:98.16,100.3 1 1
ubo/internal/setup/setup.go:103.2,104.16 2 1
ubo/internal/setup/setup.go:104.16,106.3 1 1
ubo/internal/setup/setup.go:109.2,109.41 1 1
ubo/internal/setup/setup.go:113.123,115.16 2 1
ubo/internal/setup/setup.go:115.16,117.3 1 1
ubo/internal/setup/setup.go:119.2,129.16 2 1
ubo/internal/setup/setup.go:129.16,131.3 1 1
ubo/internal/setup/setup.go:133.2,137.16 2 1
ubo/internal/setup/setup.go:137.16,139.3 1 1
ubo/internal/setup/setup.go:141.2,141.55 1 1
ubo/internal/setup/setup.go:141.55,143.3 1 1
ubo/internal/setup/setup.go:145.2,157.8 1 1
ubo/internal/setup/setup.go:161.76,170.16 3 1
ubo/internal/setup/setup.go:170.16,172.3 1 1
ubo/internal/setup/setup.go:173.2,173.17 1 1
ubo/internal/setup/setup.go:177.51,181.48 2 1
ubo/internal/setup/setup.go:181.48,183.35 2 1
ubo/internal/setup/setup.go:183.35,185.4 1 1
ubo/internal/setup/setup.go:187.2,187.20 1 1
ubo/internal/setup/setup.go:187.20,189.3 1 1
ubo/internal/setup/setup.go:190.2,191.66 2 1
ubo/internal/setup/setup.go:191.66,193.3 1 1
ubo/internal/setup/setup.go:194.2,194.33 1 1
ubo/internal/setup/setup.go:194.33,196.3 1 1
ubo/internal/setup/setup.go:197.2,197.35 1 1
ubo/internal/setup/setup.go:201.52,203.76 2 1
ubo/internal/setup/setup.go:203.76,205.3 1 1
ubo/internal/setup/setup.go:206.2,207.12 2 1
ubo/internal/setup/setup.go:213.53,214.33 1 1
ubo/internal/setup/setup.go:214.33,216.3 1 1
ubo/internal/setup/setup.go:217.2,217.38 1 1
ubo/internal/setup/setup.go:217.38,219.3 1 1
ubo/internal/setup/setup.go:220.2,220.37 1 1
ubo/internal/setup/setup.go:220.37,222.3 1 1
ubo/internal/setup/setup.go:223.2,223.12 1 1
ubo/internal/setup/setup.go:227.110,230.16 3 1
ubo/internal/setup/setup.go:230.16,232.3 1 1
ubo/internal/setup/setup.go:233.2,236.21 3 1
ubo/internal/setup/setup.go:241.106,246.60 2 1
ubo/internal/setup/setup.go:246.60,248.3 1 1
ubo/internal/setup/setup.go:250.2,250.61 1 1
ubo/internal/setup/setup.go:250.61,252.3 1 1
ubo/internal/setup/setup.go:254.2,254.48 1 1
ubo/internal/setup/setup.go:254.48,256.3 1 1
ubo/internal/setup/setup.go:261.2,261.19 1 1
ubo/internal/setup/setup.go:261.19,263.3 1 1
ubo/internal/setup/setup.go:265.2,269.40 4 1
ubo/internal/setup/setup.go:273.59,274.17 1 1
ubo/internal/setup/setup.go:274.17,276.3 1 1
ubo/internal/setup/setup.go:277.2,278.16 2 1
ubo/internal/setup/setup.go:278.16,280.3 1 1
ubo/internal/setup/setup.go:281.2,284.12 4 1
ubo/internal/setup/setup.go:288.49,289.26 1 1
ubo/internal/setup/setup.go:289.26,291.3 1 1
ubo/internal/setup/setup.go:292.2,292.43 1 1
ubo/internal/setup/setup.go:292.43,294.3 1 1
ubo/internal/setup/setup.go:295.2,295.12 1 1
ubo/internal/setup/setup.go:299.51,300.19 1 1
ubo/internal/setup/setup.go:300.19,302.3 1 1
ubo/internal/setup/setup.go:303.2,303.24 1 1
ubo/internal/setup/setup.go:303.24,305.3 1 1
ubo/internal/setup/setup.go:306.2,306.12 1 1
ubo/internal/setup/setup.go:312.93,314.16 2 1
ubo/internal/setup/setup.go:314.16,316.3 1 1
ubo/internal/setup/setup.go:317.2,317.53 1 1
ubo/internal/setup/setup.go:317.53,319.27 2 1
ubo/internal/setup/setup.go:319.27,321.4 1 1
ubo/internal/setup/setup.go:323.2,323.12 1 1
ubo/internal/setup/setup.go:328.74,329.23 1 1
ubo/internal/setup/setup.go:329.23,331.3 1 1
ubo/internal/setup/setup.go:332.2,333.34 2 1
ubo/internal/setup/setup.go:333.34,335.3 1 1
ubo/internal/setup/setup.go:340.57,341.11 1 1
ubo/internal/setup/setup.go:342.13,343.23 1 1
ubo/internal/setup/setup.go:344.13,345.25 1 1
ubo/internal/setup/setup.go:346.13,347.18 1 1
ubo/internal/setup/setup.go:349.2,349.12 1 1
ubo/internal/setup/setup.go:356.84,357.26 1 1
ubo/internal/setup/setup.go:357.26,359.3 1 1
ubo/internal/setup/setup.go:360.2,361.16 2 1
ubo/internal/setup/setup.go:361.16,363.3 1 1
ubo/internal/setup/setup.go:364.2,365.14 2 1
ubo/internal/setup/setup.go:365.14,368.3 2 1
ubo/internal/setup/setup.go:373.46,375.53 2 1
ubo/internal/setup/setup.go:375.53,377.17 2 1
ubo/internal/setup/setup.go:377.17,378.12 1 1
ubo/internal/setup/setup.go:380.3,381.29 2 1
ubo/internal/setup/setup.go:383.2,383.14 1 1
ubo/internal/setup/setup.go:387.82,388.39 1 1
ubo/internal/setup/setup.go:388.39,390.3 1 1
ubo/internal/setup/setup.go:391.2,391.104 1 1
ubo/internal/setup/setup.go:391.104,393.3 1 1
ubo/internal/setup/setup.go:394.2,394.22 1 1
ubo/internal/setup/setup.go:394.22,397.3 2 1
ubo/internal/setup/setup.go:402.42,404.58 2 1
ubo/internal/setup/setup.go:404.58,406.47 2 1
ubo/internal/setup/setup.go:406.47,409.4 2 1
ubo/internal/setup/setup.go:411.2,411.10 1 1
ubo/internal/setup/setup.go:415.84,417.24 2 1
ubo/internal/setup/setup.go:417.24,419.3 1 1
ubo/internal/setup/setup.go:420.2,421.25 2 1
ubo/internal/setup/setup.go:421.25,423.3 1 1
ubo/internal/setup/setup.go:428.93,434.2 5 1
ubo/internal/setup/setup.go:444.80,446.16 2 1
ubo/internal/setup/setup.go:446.16,448.3 1 1
ubo/internal/setup/setup.go:449.2,450.29 2 1
ubo/internal/setup/setup.go:450.29,453.3 2 1
ubo/internal/setup/setup.go:457.57,458.57 1 1
ubo/internal/setup/setup.go:458.57,460.3 1 1
ubo/internal/setup/setup.go:461.2,461.53 1 1
ubo/internal/setup/setup.go:461.53,463.3 1 1
ubo/internal/setup/setup.go:464.2,464.8 1 1
ubo/internal/setup/setup.go:469.80,471.16 2 1
ubo/internal/setup/setup.go:471.16,473.3 1 1
ubo/internal/setup/setup.go:474.2,475.21 2 1
ubo/internal/setup/setup.go:475.21,477.3 1 1
ubo/internal/setup/setup.go:482.84,483.31 1 1
ubo/internal/setup/setup.go:483.31,485.3 1 1
ubo/internal/setup/setup.go:486.2,487.16 2 1
ubo/internal/setup/setup.go:487.16,489.3 1 1
ubo/internal/setup/setup.go:491.2,491.61 1 1
ubo/internal/setup/setup.go:491.61,493.3 1 1
ubo/internal/setup/setup.go:499.84,500.28 1 1
ubo/internal/setup/setup.go:500.28,502.3 1 1
ubo/internal/setup/setup.go:503.2,506.34 4 1
ubo/internal/setup/setup.go:506.34,509.3 2 1
ubo/internal/setup/setup.go:514.82,516.16 2 1
ubo/internal/setup/setup.go:516.16,518.3 1 1
ubo/internal/setup/setup.go:519.2,520.20 2 1
ubo/internal/setup/setup.go:520.20,522.3 1 1
ubo/internal/setup/setup.go:526.37,527.28 1 1
ubo/internal/setup/setup.go:527.28,529.3 1 1
ubo/internal/setup/setup.go:530.2,530.30 1 1
ubo/internal/setup/setup.go:530.30,532.17 2 1
ubo/internal/setup/setup.go:532.17,534.4 1 1
ubo/internal/setup/setup.go:535.3,535.91 1 1
ubo/internal/setup/setup.go:537.2,537.31 1 1
ubo/internal/setup/setup.go:537.31,539.3 1 1
ubo/internal/setup/setup.go:543.94,548.16 2 1
ubo/internal/setup/setup.go:548.16,550.3 1 1
ubo/internal/setup/setup.go:551.2,552.23 2 1
ubo/internal/setup/setup.go:552.23,554.3 1 1
ubo/internal/setup/setup.go:555.2,558.8 1 1
ubo/internal/setup/setup.go:566.106,569.108 2 1
ubo/internal/setup/setup.go:569.108,571.3 1 1
ubo/internal/setup/setup.go:573.2,574.16 2 1
ubo/internal/setup/setup.go:574.16,576.3 1 1
ubo/internal/setup/setup.go:578.2,578.48 1 1
ubo/internal/setup/setup.go:578.48,580.38 2 1
ubo/internal/setup/setup.go:580.38,582.4 1 1
ubo/internal/setup/setup.go:584.2,584.82 1 1
ubo/internal/setup/setup.go:589.92,592.16 3 1
ubo/internal/setup/setup.go:592.16,594.3 1 1
ubo/internal/setup/setup.go:596.2,601.14 4 1
ubo/internal/setup/setup.go:601.14,604.3 2 1
ubo/internal/setup/setup.go:606.2,606.67 1 1
ubo/internal/setup/setup.go:606.67,608.3 1 1
ubo/internal/setup/setup.go:609.2,609.71 1 1
ubo/internal/setup/setup.go:609.71,611.3 1 1
ubo/internal/setup/setup.go:612.2,613.12 2 1
ubo/internal/setup/setup.go:619.64,622.30 2 1
ubo/internal/setup/setup.go:622.30,625.3 1 1
ubo/internal/setup/setup.go:627.2,628.72 2 1
ubo/internal/setup/setup.go:628.72,631.34 3 1
ubo/internal/setup/setup.go:631.34,634.4 2 1
ubo/internal/setup/setup.go:635.3,636.30 2 1
ubo/internal/setup/setup.go:639.2,639.16 1 1
ubo/internal/setup/setup.go:639.16,641.3 1 1
ubo/internal/setup/setup.go:642.2,642.22 1 1
ubo/internal/setup/setup.go:648.45,649.44 1 1
ubo/internal/setup/setup.go:649.44,650.34 1 1
ubo/internal/setup/setup.go:650.34,652.4 1 1
ubo/internal/setup/setup.go:654.2,654.14 1 1
ubo/internal/setup/setup.go:658.41,661.2 2 1
ubo/internal/setup/setup.go:665.45,666.34 1 1
ubo/internal/setup/setup.go:666.34,668.3 1 1
ubo/internal/setup/setup.go:669.2,669.25 1 1
ubo/internal/setup/setup.go:669.25,670.31 1 1
ubo/internal/setup/setup.go:670.31,672.4 1 1
ubo/internal/setup/setup.go:674.2,674.13 1 1
ubo/internal/setup/setup.go:691.40,692.41 1 1
ubo/internal/setup/setup.go:692.41,693.29 1 1
ubo/internal/setup/setup.go:693.29,695.4 1 1
ubo/internal/setup/setup.go:697.2,697.14 1 1
ubo/internal/setup/setup.go:712.40,713.34 1 1
ubo/internal/setup/setup.go:713.34,715.3 1 1
ubo/internal/setup/setup.go:716.2,716.25 1 1
ubo/internal/setup/setup.go:716.25,717.30 1 1
ubo/internal/setup/setup.go:717.30,719.4 1 1
ubo/internal/setup/setup.go:721.2,721.13 1 1
ubo/internal/setup/setup.go:725.39,726.40 1 1
ubo/internal/setup/setup.go:726.40,727.29 1 1
ubo/internal/setup/setup.go:727.29,729.4 1 1
ubo/internal/setup/setup.go:731.2,731.14 1 1
ubo/internal/keygen/keygen.go:25.51,26.54 1 1
ubo/internal/keygen/keygen.go:26.54,29.3 2 1
ubo/internal/keygen/keygen.go:31.2,33.16 3 1
ubo/internal/keygen/keygen.go:33.16,35.3 1 1
ubo/internal/keygen/keygen.go:37.2,39.16 3 1
ubo/internal/keygen/keygen.go:39.16,41.3 1 1
ubo/internal/keygen/keygen.go:43.2,45.16 3 1
ubo/internal/keygen/keygen.go:45.16,47.3 1 1
ubo/internal/keygen/keygen.go:49.2,56.8 1 1
ubo/internal/keygen/keygen.go:61.52,70.16 3 1
ubo/internal/keygen/keygen.go:70.16,72.3 1 1
ubo/internal/keygen/keygen.go:74.2,75.47 2 1
ubo/internal/keygen/keygen.go:75.47,77.3 1 1
ubo/internal/keygen/keygen.go:79.2,86.8 1 1
ubo/internal/keygen/keygen.go:91.75,93.29 2 1
ubo/internal/keygen/keygen.go:93.29,95.17 2 1
ubo/internal/keygen/keygen.go:95.17,97.4 1 1
ubo/internal/keygen/keygen.go:98.3,98.41 1 1
ubo/internal/keygen/keygen.go:100.2,100.18 1 1
ubo/internal/keygen/keygen.go:106.97,113.16 5 1
ubo/internal/keygen/keygen.go:113.16,115.3 1 1
ubo/internal/keygen/keygen.go:116.2,118.78 2 1
ubo/internal/keygen/keygen.go:118.78,120.3 1 1
ubo/internal/keygen/keygen.go:123.2,126.16 4 1
ubo/internal/keygen/keygen.go:126.16,129.3 2 1
ubo/internal/keygen/keygen.go:130.2,132.76 2 1
ubo/internal/keygen/keygen.go:132.76,135.3 2 1
ubo/internal/keygen/keygen.go:137.2,137.35 1 1
ubo/internal/keygen/keygen.go:143.85,157.50 6 1
ubo/internal/keygen/keygen.go:157.50,159.3 1 1
ubo/internal/keygen/keygen.go:161.2,162.16 2 1
ubo/internal/keygen/keygen.go:162.16,165.3 2 1
ubo/internal/keygen/keygen.go:166.2,168.29 2 1
ubo/contrib/rootless/parse.go:21.58,23.16 2 1
ubo/contrib/rootless/parse.go:23.16,25.3 1 1
ubo/contrib/rootless/parse.go:26.2,30.16 4 1
ubo/contrib/rootless/parse.go:30.16,32.3 1 1
ubo/contrib/rootless/parse.go:33.2,33.33 1 1
ubo/contrib/rootless/parse.go:33.33,35.3 1 0
ubo/contrib/rootless/parse.go:36.2,36.35 1 1
ubo/contrib/rootless/parse.go:41.50,41.70 1 1
ubo/contrib/rootless/parse.go:42.50,42.67 1 1
ubo/contrib/rootless/parse.go:43.50,43.70 1 1
ubo/contrib/rootless/parse.go:44.50,44.68 1 1
ubo/contrib/rootless/parse.go:45.50,45.70 1 1
ubo/contrib/rootless/parse.go:49.52,50.52 1 1
ubo/contrib/rootless/parse.go:50.52,52.3 1 1
ubo/contrib/rootless/parse.go:53.2,54.9 2 1
ubo/contrib/rootless/parse.go:54.9,56.3 1 1
ubo/contrib/rootless/parse.go:57.2,57.79 1 1
ubo/contrib/rootless/parse.go:57.79,59.3 1 1
ubo/contrib/rootless/parse.go:63.50,74.4 2 1
ubo/contrib/rootless/parse.go:74.4,75.18 1 1
ubo/contrib/rootless/parse.go:75.18,77.4 1 1
ubo/contrib/rootless/parse.go:79.2,79.12 1 1
ubo/contrib/rootless/rootless.go:44.99,46.3 1 0
ubo/contrib/rootless/rootless.go:49.92,51.3 1 0
ubo/contrib/rootless/rootless.go:54.35,54.65 1 0
ubo/contrib/rootless/rootless.go:60.94,62.16 2 1
ubo/contrib/rootless/rootless.go:62.16,64.3 1 1
ubo/contrib/rootless/rootless.go:66.2,67.16 2 1
ubo/contrib/rootless/rootless.go:67.16,69.3 1 1
ubo/contrib/rootless/rootless.go:70.2,70.15 1 0
ubo/contrib/rootless/rootless.go:70.15,73.3 2 0
ubo/contrib/rootless/rootless.go:75.2,77.16 3 0
ubo/contrib/rootless/rootless.go:77.16,79.3 1 0
ubo/contrib/rootless/rootless.go:81.2,82.58 2 0
ubo/contrib/rootless/rootless.go:82.58,84.3 1 0
ubo/contrib/rootless/rootless.go:86.2,86.72 1 0
ubo/contrib/rootless/rootless.go:90.82,92.16 2 1
ubo/contrib/rootless/rootless.go:92.16,94.3 1 1
ubo/contrib/rootless/rootless.go:96.2,97.16 2 1
ubo/contrib/rootless/rootless.go:97.16,99.3 1 0
ubo/contrib/rootless/rootless.go:101.2,105.16 3 1
ubo/contrib/rootless/rootless.go:105.16,107.3 1 1
ubo/contrib/rootless/rootless.go:108.2,108.40 1 0
ubo/contrib/rootless/rootless.go:108.40,110.3 1 0
ubo/contrib/rootless/rootless.go:111.2,111.33 1 0
ubo/contrib/rootless/rootless.go:111.33,113.3 1 0
ubo/contrib/rootless/rootless.go:114.2,114.23 1 0
ubo/contrib/rootless/rootless.go:118.54,120.16 2 1
ubo/contrib/rootless/rootless.go:120.16,122.3 1 1
ubo/contrib/rootless/rootless.go:123.2,124.16 2 1
ubo/contrib/rootless/rootless.go:124.16,126.3 1 1
ubo/contrib/rootless/rootless.go:127.2,130.8 1 1
ubo/contrib/rootless/rootless.go:134.85,136.34 2 1
ubo/contrib/rootless/rootless.go:136.34,140.17 4 1
ubo/contrib/rootless/rootless.go:140.17,143.4 2 0
ubo/contrib/rootless/rootless.go:144.3,144.10 1 1
ubo/contrib/rootless/rootless.go:145.21,146.20 1 1
ubo/contrib/rootless/rootless.go:147.38,147.38 0 1
ubo/contrib/rootless/rootless.go:150.2,150.84 1 1
ubo/contrib/rootless/rootless.go:155.135,157.16 2 1
ubo/contrib/rootless/rootless.go:157.16,159.3 1 1
ubo/contrib/rootless/rootless.go:160.2,161.16 2 1
ubo/contrib/rootless/rootless.go:161.16,163.3 1 1
ubo/contrib/rootless/rootless.go:165.2,167.16 3 1
ubo/contrib/rootless/rootless.go:167.16,169.3 1 1
ubo/contrib/rootless/rootless.go:171.2,178.16 2 1
ubo/contrib/rootless/rootless.go:178.16,181.3 2 1
ubo/contrib/rootless/rootless.go:182.2,182.49 1 0
ubo/contrib/rootless/rootless.go:188.142,190.16 2 1
ubo/contrib/rootless/rootless.go:190.16,192.3 1 1
ubo/contrib/rootless/rootless.go:193.2,194.15 2 1
ubo/contrib/rootless/rootless.go:194.15,196.3 1 1
ubo/contrib/rootless/rootless.go:197.2,197.26 1 0
ubo/contrib/rootless/rootless.go:204.154,207.16 3 1
ubo/contrib/rootless/rootless.go:207.16,209.3 1 1
ubo/contrib/rootless/rootless.go:210.2,210.14 1 1
ubo/contrib/rootless/rootless.go:210.14,212.3 1 1
ubo/contrib/rootless/rootless.go:213.2,215.16 3 1
ubo/contrib/rootless/rootless.go:215.16,217.3 1 1
ubo/contrib/rootless/rootless.go:218.2,219.29 2 1
ubo/contrib/rootless/rootless.go:223.42,225.61 2 1
ubo/contrib/rootless/rootless.go:225.61,227.3 1 1
ubo/contrib/rootless/rootless.go:228.2,229.12 2 1
ubo/contrib/rootless/rootless.go:236.52,240.27 2 1
ubo/contrib/rootless/rootless.go:240.27,242.3 1 1
ubo/contrib/rootless/rootless.go:243.2,264.33 1 1
ubo/contrib/rootless/rootless.go:269.73,271.66 2 1
ubo/contrib/rootless/rootless.go:271.66,273.3 1 1
ubo/contrib/rootless/rootless.go:274.2,280.51 4 1
ubo/contrib/rootless/rootless.go:289.124,290.16 1 1
ubo/contrib/rootless/rootless.go:290.16,292.3 1 1
ubo/contrib/rootless/rootless.go:293.2,294.50 2 1
ubo/contrib/rootless/rootless.go:300.90,309.16 2 1
ubo/contrib/rootless/rootless.go:309.16,311.3 1 1
ubo/contrib/rootless/rootless.go:312.2,314.58 3 1
ubo/contrib/rootless/rootless.go:318.38,319.23 1 1
ubo/contrib/rootless/rootless.go:319.23,321.3 1 1
ubo/contrib/rootless/rootless.go:322.2,322.21 1 1
ubo/contrib/rootless/rootless.go:326.41,327.24 1 1
ubo/contrib/rootless/rootless.go:327.24,329.3 1 1
ubo/contrib/rootless/rootless.go:330.2,330.21 1 1
ubo/contrib/rootless/rootless.go:334.51,336.16 2 1
ubo/contrib/rootless/rootless.go:336.16,338.3 1 1
ubo/contrib/rootless/rootless.go:339.2,342.16 3 0
ubo/contrib/rootless/rootless.go:342.16,344.3 1 0
ubo/contrib/rootless/rootless.go:345.2,345.20 1 0
ubo/contrib/rootless/rootless.go:345.20,347.3 1 0
ubo/contrib/rootless/rootless.go:349.2,353.43 4 0
ubo/contrib/rootless/rootless.go:353.43,355.3 1 0
ubo/contrib/rootless/rootless.go:356.2,356.23 1 0
ubo/contrib/rootless/rootless.go:361.54,364.16 3 1
ubo/contrib/rootless/rootless.go:364.16,366.3 1 1
ubo/contrib/rootless/rootless.go:367.2,371.17 1 1
ubo/contrib/rootless/rootless.go:371.17,373.3 1 1
ubo/contrib/rootless/rootless.go:374.2,374.23 1 1
ubo/contrib/rootless/rootless.go:374.23,376.3 1 1
ubo/contrib/rootless/rootless.go:377.2,378.16 2 0
ubo/contrib/rootless/rootless.go:378.16,380.3 1 0
ubo/contrib/rootless/rootless.go:381.2,381.16 1 0
ubo/contrib/rootless/rootless.go:381.16,381.46 1 0
ubo/contrib/rootless/rootless.go:385.50,387.16 2 1
ubo/contrib/rootless/rootless.go:387.16,389.3 1 1
ubo/contrib/rootless/rootless.go:390.2,391.16 2 1
ubo/contrib/rootless/rootless.go:391.16,393.3 1 1
ubo/contrib/rootless/rootless.go:394.2,394.20 1 1
ubo/contrib/rootless/rootless.go:399.56,401.16 2 1
ubo/contrib/rootless/rootless.go:401.16,403.3 1 1
ubo/contrib/rootless/rootless.go:404.2,405.16 2 1
ubo/contrib/rootless/rootless.go:405.16,407.3 1 1
ubo/contrib/rootless/rootless.go:408.2,408.17 1 1
ubo/contrib/rootless/rootless.go:412.54,414.16 2 1
ubo/contrib/rootless/rootless.go:414.16,417.18 2 1
ubo/contrib/rootless/rootless.go:417.18,419.4 1 1
ubo/contrib/rootless/rootless.go:420.3,420.19 1 1
ubo/contrib/rootless/rootless.go:422.2,422.27 1 1
ubo/contrib/rootless/rootless.go:427.46,429.16 2 1
ubo/contrib/rootless/rootless.go:429.16,431.3 1 1
ubo/contrib/rootless/rootless.go:432.2,432.20 1 1
ubo/contrib/rootless/rootless.go:432.20,434.3 1 1
ubo/contrib/rootless/rootless.go:435.2,435.37 1 1
ubo/main.go:43.64,46.3 2 0
ubo/main.go:52.62,57.3 4 0
ubo/main.go:58.43,63.3 4 0
ubo/main.go:72.103,74.3 1 0
ubo/main.go:99.13,100.46 1 0
ubo/main.go:100.46,103.3 2 0
ubo/main.go:106.36,109.27 2 1
ubo/main.go:109.27,112.3 2 1
ubo/main.go:115.2,117.20 3 1
ubo/main.go:117.20,117.40 1 1
ubo/main.go:118.2,118.39 1 1
ubo/main.go:118.39,119.26 1 1
ubo/main.go:119.26,121.4 1 1
ubo/main.go:122.3,122.13 1 1
ubo/main.go:125.2,126.9 2 1
ubo/main.go:126.9,128.3 1 1
ubo/main.go:129.2,129.44 1 1
ubo/main.go:135.61,135.87 1 1
ubo/main.go:136.61,136.88 1 1
ubo/main.go:138.61,138.90 1 1
ubo/main.go:139.63,139.104 1 1
ubo/main.go:140.67,142.3 1 1
ubo/main.go:147.56,149.39 2 1
ubo/main.go:149.39,152.62 3 1
ubo/main.go:152.62,155.4 2 1
ubo/main.go:157.2,157.18 1 1
ubo/main.go:160.40,162.2 1 1
ubo/main.go:164.28,166.2 1 1
ubo/main.go:169.36,170.44 1 1
ubo/main.go:170.44,172.3 1 1
ubo/main.go:173.2,173.84 1 1
ubo/main.go:173.84,175.3 1 1
ubo/main.go:176.2,177.12 2 1
ubo/main.go:181.57,183.16 2 1
ubo/main.go:183.16,184.37 1 1
ubo/main.go:184.37,186.4 1 1
ubo/main.go:187.3,187.18 1 1
ubo/main.go:189.2,189.17 1 1
ubo/main.go:193.56,195.16 2 1
ubo/main.go:195.16,197.3 1 1
ubo/main.go:200.2,201.16 2 1
ubo/main.go:201.16,203.3 1 1
ubo/main.go:205.2,206.16 2 1
ubo/main.go:206.16,208.3 1 1
ubo/main.go:209.2,212.71 2 1
ubo/main.go:212.71,214.3 1 1
ubo/main.go:216.2,217.16 2 1
ubo/main.go:217.16,219.3 1 1
ubo/main.go:221.2,225.12 5 1
ubo/main.go:230.65,232.16 2 1
ubo/main.go:232.16,234.3 1 1
ubo/main.go:235.2,235.39 1 1
ubo/main.go:235.39,237.3 1 1
ubo/main.go:238.2,238.42 1 1
ubo/main.go:238.42,240.3 1 1
ubo/main.go:241.2,242.50 2 1
ubo/main.go:242.50,244.3 1 1
ubo/main.go:245.2,246.25 2 1
ubo/main.go:252.100,263.16 3 1
ubo/main.go:263.16,265.3 1 1
ubo/main.go:266.2,266.53 1 1
ubo/main.go:266.53,269.3 2 1
ubo/main.go:270.2,270.20 1 1
ubo/main.go:278.87,279.19 1 1
ubo/main.go:279.19,281.3 1 1
ubo/main.go:282.2,282.47 1 1
ubo/main.go:282.47,285.3 2 1
ubo/main.go:286.2,287.16 2 1
ubo/main.go:287.16,289.3 1 1
ubo/main.go:290.2,291.47 2 1
ubo/main.go:291.47,293.3 1 1
ubo/main.go:294.2,295.12 2 1
ubo/main.go:300.57,305.15 5 0
ubo/main.go:305.15,310.3 4 0
ubo/main.go:311.2,313.45 3 0
ubo/main.go:318.103,328.16 4 1
ubo/main.go:328.16,330.3 1 1
ubo/main.go:331.2,332.78 2 1
ubo/main.go:332.78,334.3 1 1
ubo/main.go:336.2,342.71 3 1
ubo/main.go:342.71,344.3 1 1
ubo/main.go:345.2,345.24 1 1
ubo/main.go:372.72,375.36 3 1
ubo/main.go:375.36,379.33 4 1
ubo/main.go:379.33,381.4 1 1
ubo/main.go:383.2,383.23 1 1
ubo/main.go:389.38,391.16 2 1
ubo/main.go:391.16,393.3 1 1
ubo/main.go:394.2,398.43 4 1
ubo/main.go:398.43,402.3 3 1
ubo/main.go:404.2,407.11 3 1
ubo/main.go:407.11,409.3 1 1
ubo/main.go:409.8,412.3 2 1
ubo/main.go:413.2,413.12 1 1
ubo/main.go:418.49,420.36 2 1
ubo/main.go:420.36,422.22 2 1
ubo/main.go:422.22,424.4 1 1
ubo/main.go:425.3,426.26 2 1
ubo/main.go:426.26,428.4 1 1
ubo/main.go:429.3,429.53 1 1
ubo/main.go:436.75,438.16 2 1
ubo/main.go:438.16,440.3 1 1
ubo/main.go:441.2,446.16 2 1
ubo/main.go:446.16,448.3 1 1
ubo/main.go:449.2,449.21 1 1
ubo/main.go:449.21,450.46 1 1
ubo/main.go:450.46,452.4 1 1
ubo/main.go:453.3,453.51 1 1
ubo/main.go:455.2,456.53 2 1
ubo/main.go:461.100,467.53 5 1
ubo/main.go:467.53,469.3 1 1
ubo/main.go:470.2,474.60 4 1
ubo/main.go:474.60,476.3 1 1
ubo/main.go:478.2,479.16 2 1
ubo/main.go:479.16,481.3 1 1
ubo/main.go:482.2,483.46 2 1
ubo/main.go:488.85,489.15 1 1
ubo/main.go:489.15,491.17 2 1
ubo/main.go:491.17,493.4 1 1
ubo/main.go:494.3,494.15 1 1
ubo/main.go:494.15,496.4 1 1
ubo/main.go:499.2,503.71 2 1
ubo/main.go:503.71,505.3 1 1
ubo/main.go:507.2,508.12 2 1
ubo/main.go:513.63,515.16 2 1
ubo/main.go:515.16,517.3 1 1
ubo/main.go:518.2,518.39 1 1
ubo/main.go:518.39,520.3 1 1
ubo/main.go:521.2,521.17 1 1
ubo/main.go:525.48,526.26 1 1
ubo/main.go:526.26,527.39 1 1
ubo/main.go:527.39,529.4 1 1
ubo/main.go:531.2,531.12 1 1
ubo/main.go:536.137,545.16 3 1
ubo/main.go:545.16,547.3 1 1
ubo/main.go:548.2,548.20 1 1
ubo/main.go:552.42,554.50 2 1
ubo/main.go:554.50,557.3 2 1
ubo/main.go:581.76,583.27 2 1
ubo/main.go:583.27,585.3 1 1
ubo/main.go:587.2,588.62 2 1
ubo/main.go:588.62,590.3 1 1
ubo/main.go:592.2,596.35 5 1
ubo/main.go:596.35,599.3 2 1
ubo/main.go:600.2,600.18 1 1
ubo/main.go:604.47,605.33 1 1
ubo/main.go:605.33,607.3 1 1
ubo/main.go:608.2,608.41 1 1
ubo/main.go:612.49,613.30 1 1
ubo/main.go:613.30,617.23 4 1
ubo/main.go:617.23,619.4 1 1
ubo/main.go:620.3,620.26 1 1
ubo/main.go:622.2,622.89 1 1
